android/build/intermediates/manifest_merge_blame_file/debug/manifest-merger-blame-debug-report.txt
1<?xml version="1.0" encoding="utf-8"?>
2<manifest xmlns:android="http://schemas.android.com/apk/res/android"
3    package="se.mobileinteraction.jordbruksverketkmm.android"
4    android:versionCode="1"
5    android:versionName="1.0" >
6
7    <uses-sdk
8        android:minSdkVersion="21"
8-->src/main/AndroidManifest.xml
9        android:targetSdkVersion="31" />
9-->src/main/AndroidManifest.xml
10
11    <application
11-->src/main/AndroidManifest.xml:5:5-18:19
12        android:allowBackup="false"
12-->src/main/AndroidManifest.xml:6:9-36
13        android:appComponentFactory="androidx.core.app.CoreComponentFactory"
13-->[androidx.core:core:1.5.0] AndroidManifest.xml:24:18-86
14        android:debuggable="true"
15        android:supportsRtl="true"
15-->src/main/AndroidManifest.xml:7:9-35
16        android:testOnly="true"
17        android:theme="@style/AppTheme" >
17-->src/main/AndroidManifest.xml:8:9-40
18        <activity
18-->src/main/AndroidManifest.xml:9:9-16:20
19            android:name="se.mobileinteraction.jordbruksverketkmm.android.MainActivity"
19-->src/main/AndroidManifest.xml:10:13-41
20            android:exported="true" >
20-->src/main/AndroidManifest.xml:11:13-36
21            <intent-filter>
21-->src/main/AndroidManifest.xml:12:13-15:29
22                <action android:name="android.intent.action.MAIN" />
22-->src/main/AndroidManifest.xml:13:17-69
22-->src/main/AndroidManifest.xml:13:25-66
23
24                <category android:name="android.intent.category.LAUNCHER" />
24-->src/main/AndroidManifest.xml:14:17-77
24-->src/main/AndroidManifest.xml:14:27-74
25            </intent-filter>
26        </activity>
27    </application>
28
29</manifest>